e:\настя\6sem\осисп\lab_05\lab_05\debug\lab_05.pch
e:\настя\6sem\осисп\lab_05\lab_05\debug\vc141.pdb
e:\настя\6sem\осисп\lab_05\lab_05\debug\vc141.idb
e:\настя\6sem\осисп\lab_05\lab_05\debug\stdafx.obj
e:\настя\6sem\осисп\lab_05\lab_05\debug\dllmain.obj
e:\настя\6sem\осисп\lab_05\lab_05\debug\lab_05.obj
e:\настя\6sem\осисп\lab_05\debug\lab_05.lib
e:\настя\6sem\осисп\lab_05\debug\lab_05.exp
e:\настя\6sem\осисп\lab_05\debug\lab_05.dll
e:\настя\6sem\осисп\lab_05\debug\lab_05.ilk
e:\настя\6sem\осисп\lab_05\debug\lab_05.pdb
d:\study\3k2s\gitrep\os-and-sp-2019\05\lab_05\lab_05\debug\dllmain.obj
d:\study\3k2s\gitrep\os-and-sp-2019\05\lab_05\lab_05\debug\lab_05.obj
d:\study\3k2s\gitrep\os-and-sp-2019\05\lab_05\lab_05\debug\stdafx.obj
d:\study\3k2s\gitrep\os-and-sp-2019\05\lab_05\lab_05\debug\lab_05.pch
d:\study\3k2s\gitrep\os-and-sp-2019\05\lab_05\lab_05\debug\vc141.idb
d:\study\3k2s\gitrep\os-and-sp-2019\05\lab_05\lab_05\debug\vc141.pdb
d:\study\3k2s\gitrep\os-and-sp-2019\05\lab_05\debug\lab_05.pdb
d:\study\3k2s\gitrep\os-and-sp-2019\05\lab_05\debug\lab_05.dll
d:\study\3k2s\gitrep\os-and-sp-2019\05\lab_05\debug\lab_05.ilk
d:\study\3k2s\gitrep\os-and-sp-2019\05\lab_05\lab_05\debug\lab_05.tlog\cl.command.1.tlog
d:\study\3k2s\gitrep\os-and-sp-2019\05\lab_05\lab_05\debug\lab_05.tlog\cl.read.1.tlog
d:\study\3k2s\gitrep\os-and-sp-2019\05\lab_05\lab_05\debug\lab_05.tlog\cl.write.1.tlog
d:\study\3k2s\gitrep\os-and-sp-2019\05\lab_05\lab_05\debug\lab_05.tlog\lab_05.write.1u.tlog
d:\study\3k2s\gitrep\os-and-sp-2019\05\lab_05\lab_05\debug\lab_05.tlog\link.command.1.tlog
d:\study\3k2s\gitrep\os-and-sp-2019\05\lab_05\lab_05\debug\lab_05.tlog\link.delete.1.tlog
d:\study\3k2s\gitrep\os-and-sp-2019\05\lab_05\lab_05\debug\lab_05.tlog\link.read.1.tlog
d:\study\3k2s\gitrep\os-and-sp-2019\05\lab_05\lab_05\debug\lab_05.tlog\link.write.1.tlog
