e:\настя\6sem\осисп\lab_05\consoleapplication1\debug\consoleapplication1.pch
e:\настя\6sem\осисп\lab_05\consoleapplication1\debug\vc141.pdb
e:\настя\6sem\осисп\lab_05\consoleapplication1\debug\vc141.idb
e:\настя\6sem\осисп\lab_05\consoleapplication1\debug\pch.obj
e:\настя\6sem\осисп\lab_05\consoleapplication1\debug\consoleapplication1.obj
e:\настя\6sem\осисп\lab_05\debug\consoleapplication1.exe
e:\настя\6sem\осисп\lab_05\debug\consoleapplication1.ilk
e:\настя\6sem\осисп\lab_05\debug\consoleapplication1.pdb
d:\study\3k2s\gitrep\os-and-sp-2019\05\lab_05\consoleapplication1\debug\consoleapplication1.obj
d:\study\3k2s\gitrep\os-and-sp-2019\05\lab_05\consoleapplication1\debug\pch.obj
d:\study\3k2s\gitrep\os-and-sp-2019\05\lab_05\consoleapplication1\debug\consoleapplication1.pch
d:\study\3k2s\gitrep\os-and-sp-2019\05\lab_05\consoleapplication1\debug\vc141.idb
d:\study\3k2s\gitrep\os-and-sp-2019\05\lab_05\consoleapplication1\debug\vc141.pdb
d:\study\3k2s\gitrep\os-and-sp-2019\05\lab_05\debug\consoleapplication1.pdb
d:\study\3k2s\gitrep\os-and-sp-2019\05\lab_05\debug\consoleapplication1.exe
d:\study\3k2s\gitrep\os-and-sp-2019\05\lab_05\debug\consoleapplication1.ilk
d:\study\3k2s\gitrep\os-and-sp-2019\05\lab_05\consoleapplication1\debug\consolea.dcb66b4c.tlog\cl.command.1.tlog
d:\study\3k2s\gitrep\os-and-sp-2019\05\lab_05\consoleapplication1\debug\consolea.dcb66b4c.tlog\cl.read.1.tlog
d:\study\3k2s\gitrep\os-and-sp-2019\05\lab_05\consoleapplication1\debug\consolea.dcb66b4c.tlog\cl.write.1.tlog
d:\study\3k2s\gitrep\os-and-sp-2019\05\lab_05\consoleapplication1\debug\consolea.dcb66b4c.tlog\link.command.1.tlog
d:\study\3k2s\gitrep\os-and-sp-2019\05\lab_05\consoleapplication1\debug\consolea.dcb66b4c.tlog\link.read.1.tlog
d:\study\3k2s\gitrep\os-and-sp-2019\05\lab_05\consoleapplication1\debug\consolea.dcb66b4c.tlog\link.write.1.tlog
