e:\настя\6sem\осисп\lab4\os_lab_4\client\debug\client.pch
e:\настя\6sem\осисп\lab4\os_lab_4\client\debug\vc141.pdb
e:\настя\6sem\осисп\lab4\os_lab_4\client\debug\vc141.idb
e:\настя\6sem\осисп\lab4\os_lab_4\client\debug\pch.obj
e:\настя\6sem\осисп\lab4\os_lab_4\client\debug\client.obj
e:\настя\6sem\осисп\lab4\os_lab_4\client\debug\create.obj
e:\настя\6sem\осисп\lab4\os_lab_4\client\debug\guid.obj
e:\настя\6sem\осисп\lab4\os_lab_4\debug\client.exe
e:\настя\6sem\осисп\lab4\os_lab_4\debug\client.ilk
e:\настя\6sem\осисп\lab4\os_lab_4\debug\client.pdb
d:\study\3k2s\gitrep\os-and-sp-2019\04\lab4\os_lab_4\client\debug\client.obj
d:\study\3k2s\gitrep\os-and-sp-2019\04\lab4\os_lab_4\client\debug\create.obj
d:\study\3k2s\gitrep\os-and-sp-2019\04\lab4\os_lab_4\client\debug\guid.obj
d:\study\3k2s\gitrep\os-and-sp-2019\04\lab4\os_lab_4\client\debug\pch.obj
d:\study\3k2s\gitrep\os-and-sp-2019\04\lab4\os_lab_4\client\debug\client.pch
d:\study\3k2s\gitrep\os-and-sp-2019\04\lab4\os_lab_4\client\debug\vc141.idb
d:\study\3k2s\gitrep\os-and-sp-2019\04\lab4\os_lab_4\client\debug\vc141.pdb
d:\study\3k2s\gitrep\os-and-sp-2019\04\lab4\os_lab_4\debug\client.pdb
d:\study\3k2s\gitrep\os-and-sp-2019\04\lab4\os_lab_4\debug\client.exe
d:\study\3k2s\gitrep\os-and-sp-2019\04\lab4\os_lab_4\debug\client.ilk
d:\study\3k2s\gitrep\os-and-sp-2019\04\lab4\os_lab_4\client\debug\client.tlog\cl.command.1.tlog
d:\study\3k2s\gitrep\os-and-sp-2019\04\lab4\os_lab_4\client\debug\client.tlog\cl.read.1.tlog
d:\study\3k2s\gitrep\os-and-sp-2019\04\lab4\os_lab_4\client\debug\client.tlog\cl.write.1.tlog
d:\study\3k2s\gitrep\os-and-sp-2019\04\lab4\os_lab_4\client\debug\client.tlog\link.command.1.tlog
d:\study\3k2s\gitrep\os-and-sp-2019\04\lab4\os_lab_4\client\debug\client.tlog\link.read.1.tlog
d:\study\3k2s\gitrep\os-and-sp-2019\04\lab4\os_lab_4\client\debug\client.tlog\link.write.1.tlog
